app/build/intermediates/manifest_merge_blame_file/debug/manifest-merger-blame-debug-report.txt
1<?xml version="1.0" encoding="utf-8"?>
2<manifest xmlns:android="http://schemas.android.com/apk/res/android"
3    package="com.europesip.comerciales_ferias"
4    android:versionCode="1"
5    android:versionName="1.0" >
6
7    <uses-sdk
8        android:minSdkVersion="16"
8-->src/main/AndroidManifest.xml
9        android:targetSdkVersion="30" />
9-->src/main/AndroidManifest.xml
10
11    <uses-permission android:name="android.permission.INTERNET" />
11-->src/main/AndroidManifest.xml:5:5-67
11-->src/main/AndroidManifest.xml:5:22-64
12
13    <application
13-->src/main/AndroidManifest.xml:7:5-43:19
14        android:allowBackup="true"
14-->src/main/AndroidManifest.xml:8:9-35
15        android:appComponentFactory="androidx.core.app.CoreComponentFactory"
15-->[androidx.core:core:1.3.1] AndroidManifest.xml:24:18-86
16        android:debuggable="true"
17        android:icon="@mipmap/ic_launcher"
17-->src/main/AndroidManifest.xml:9:9-43
18        android:label="@string/app_name"
18-->src/main/AndroidManifest.xml:10:9-41
19        android:roundIcon="@mipmap/ic_launcher_round"
19-->src/main/AndroidManifest.xml:11:9-54
20        android:supportsRtl="true"
20-->src/main/AndroidManifest.xml:12:9-35
21        android:testOnly="true"
22        android:theme="@style/AppTheme" >
22-->src/main/AndroidManifest.xml:13:9-40
23        <activity android:name="com.europesip.comerciales_ferias.SearchContacts" />
23-->src/main/AndroidManifest.xml:14:9-61
23-->src/main/AndroidManifest.xml:14:19-49
24        <activity android:name="com.europesip.comerciales_ferias.ContactsList" />
24-->src/main/AndroidManifest.xml:15:9-50
24-->src/main/AndroidManifest.xml:15:19-47
25        <activity android:name="com.europesip.comerciales_ferias.SingleContactDetail" />
25-->src/main/AndroidManifest.xml:16:9-57
25-->src/main/AndroidManifest.xml:16:19-54
26        <activity android:name="com.europesip.comerciales_ferias.TermsActivity" />
26-->src/main/AndroidManifest.xml:17:9-51
26-->src/main/AndroidManifest.xml:17:19-48
27        <activity
27-->src/main/AndroidManifest.xml:18:9-21:59
28            android:name="com.europesip.comerciales_ferias.MyContacts"
28-->src/main/AndroidManifest.xml:19:13-39
29            android:label="@string/title_activity_my_contacts"
29-->src/main/AndroidManifest.xml:20:13-63
30            android:theme="@style/AppTheme.NoActionBar" />
30-->src/main/AndroidManifest.xml:21:13-56
31        <activity
31-->src/main/AndroidManifest.xml:22:9-24:52
32            android:name="com.europesip.comerciales_ferias.ProfileActivity"
32-->src/main/AndroidManifest.xml:23:13-44
33            android:screenOrientation="portrait" />
33-->src/main/AndroidManifest.xml:24:13-49
34        <activity
34-->src/main/AndroidManifest.xml:25:9-27:52
35            android:name="com.europesip.comerciales_ferias.FairsActivity"
35-->src/main/AndroidManifest.xml:26:13-42
36            android:screenOrientation="portrait" />
36-->src/main/AndroidManifest.xml:27:13-49
37        <activity
37-->src/main/AndroidManifest.xml:28:9-30:52
38            android:name="com.europesip.comerciales_ferias.NewContactActivity"
38-->src/main/AndroidManifest.xml:29:13-47
39            android:screenOrientation="portrait" />
39-->src/main/AndroidManifest.xml:30:13-49
40        <activity
40-->src/main/AndroidManifest.xml:31:9-33:52
41            android:name="com.europesip.comerciales_ferias.MenuActivity"
41-->src/main/AndroidManifest.xml:32:13-41
42            android:screenOrientation="portrait" />
42-->src/main/AndroidManifest.xml:33:13-49
43        <activity
43-->src/main/AndroidManifest.xml:34:9-42:20
44            android:name="com.europesip.comerciales_ferias.MainActivity"
44-->src/main/AndroidManifest.xml:35:13-41
45            android:screenOrientation="portrait" >
45-->src/main/AndroidManifest.xml:36:13-49
46            <intent-filter>
46-->src/main/AndroidManifest.xml:37:13-41:29
47                <action android:name="android.intent.action.MAIN" />
47-->src/main/AndroidManifest.xml:38:17-69
47-->src/main/AndroidManifest.xml:38:25-66
48
49                <category android:name="android.intent.category.LAUNCHER" />
49-->src/main/AndroidManifest.xml:40:17-77
49-->src/main/AndroidManifest.xml:40:27-74
50            </intent-filter>
51        </activity>
52    </application>
53
54</manifest>